[2025-04-08 23:15:23] [FETCHING] https://www.youtube.com/watch?v=mxiMIQb8zw8
[2025-04-08 23:26:29] [FETCHING] https://www.youtube.com/watch?v=1ZHn0YaTvAA
[2025-04-08 23:27:38] [FETCHING] https://www.youtube.com/watch?v=qrn1-SBo1mA
[2025-04-08 23:29:35] [FETCHING] https://www.youtube.com/watch?v=MOTYYUHGzcI
[2025-04-08 23:50:26] [FETCHING] https://www.youtube.com/watch?v=p8piu4mEdM0
[2025-04-08 23:50:37] [FETCHING] https://www.youtube.com/watch?v=mxiMIQb8zw8
[2025-04-09 00:13:49] [FETCHING] https://www.youtube.com/watch?v=mXkTXg4g-Ws
[2025-04-09 00:17:56] [FETCHING] https://www.youtube.com/watch?v=aBvqpbZRH_k
[2025-04-09 00:18:45] [FETCHING] https://www.youtube.com/watch?v=u8EWk0NFB84
[2025-04-09 00:18:56] [FETCHING] https://www.youtube.com/watch?v=mo9VGpCA-hw
[2025-04-09 21:52:59] [FILTERING] https://www.youtube.com/watch?v=qEU925SkLS0
[2025-04-09 22:08:07] [FETCHING] https://www.youtube.com/watch?v=QEx-dsdXv6Q
[2025-04-09 22:17:44] [FETCHING] https://www.youtube.com/watch?v=S2JRENUITdg
[2025-04-09 22:24:07] [FETCHING] https://www.youtube.com/watch?v=gA9FFfLt1ek
[2025-04-09 23:14:02] [FETCHING] https://www.youtube.com/watch?v=fWR8c1Y37RY
[2025-04-09 23:14:18] [FETCHING] https://www.youtube.com/watch?v=kTtoIXRI6R8
[2025-04-09 23:37:54] [FETCHING] https://www.youtube.com/watch?v=dd8XBJESEB8
[2025-04-09 23:38:07] [FETCHING] https://www.youtube.com/watch?v=7uHhkMW3ooM
[2025-04-09 23:38:20] [FETCHING] https://www.youtube.com/watch?v=kZKEMSSsfu4
[2025-04-10 01:10:42] [FETCHING] https://www.youtube.com/watch?v=mrjNLNRLp4k
[2025-04-10 01:13:35] [FETCHING] https://www.youtube.com/watch?v=ZWt5cSYUjNM
[2025-04-10 01:21:06] [DOWNLOAD] https://www.youtube.com/watch?v=69kxM0lDUPw
[2025-04-10 01:22:07] [FETCHING] https://www.youtube.com/watch?v=EQDHdYqV2Go
[2025-04-10 01:40:00] [FETCHING] https://www.youtube.com/watch?v=wLWQfo9wLd8
[2025-04-10 01:41:35] [FETCHING] https://www.youtube.com/watch?v=VxnT7peX_CA
[2025-04-10 01:41:48] [FETCHING] https://www.youtube.com/watch?v=nhkq68CScJQ
[2025-04-10 01:53:35] [FETCHING] https://www.youtube.com/watch?v=bsgXIxE4nbA
[2025-04-10 02:00:53] [FETCHING] https://www.youtube.com/watch?v=dwyzPhms4hE
[2025-04-17 23:10:56] [FETCHING] https://www.youtube.com/watch?v=s-JVA0eYUTo
[2025-04-17 23:11:10] [FETCHING] https://www.youtube.com/watch?v=MkYCvaWAmYc
[2025-04-17 23:12:02] [FETCHING] https://www.youtube.com/watch?v=s-JVA0eYUTo
[2025-04-17 23:12:14] [FETCHING] https://www.youtube.com/watch?v=MkYCvaWAmYc
[2025-04-17 23:24:09] [FETCHING] https://www.youtube.com/watch?v=GiCBeAvuf5U
[2025-04-18 00:37:15] [FETCHING] https://www.youtube.com/watch?v=tvBkT15K7zM
[2025-04-18 00:55:13] [FETCHING] https://www.youtube.com/watch?v=khbb7zOzFk0
[2025-04-18 00:55:27] [FETCHING] https://www.youtube.com/watch?v=4nIAQzf89AA
[2025-04-18 00:55:40] [FETCHING] https://www.youtube.com/watch?v=VPGXEll6GcY
[2025-04-18 00:55:53] [FETCHING] https://www.youtube.com/watch?v=mNVZhe7bC7E
[2025-04-18 00:56:06] [FETCHING] https://www.youtube.com/watch?v=h4AqHSsXKt0
[2025-04-18 00:56:20] [FETCHING] https://www.youtube.com/watch?v=6WZsSVu0oKs
[2025-04-18 00:56:34] [FETCHING] https://www.youtube.com/watch?v=quH_hb_Fmjs
[2025-04-18 00:56:47] [FETCHING] https://www.youtube.com/watch?v=vt-5LTyvH1g
[2025-04-18 00:57:01] [FETCHING] https://www.youtube.com/watch?v=nHmtdpc48Lw
[2025-04-18 00:57:14] [FETCHING] https://www.youtube.com/watch?v=1jZIG3YkFP4
[2025-04-18 01:26:46] [FETCHING] https://www.youtube.com/watch?v=rr1za3CP8lc
[2025-04-18 01:26:59] [FETCHING] https://www.youtube.com/watch?v=gxZ_n5zHgX8
[2025-04-18 01:27:13] [FETCHING] https://www.youtube.com/watch?v=GmjfUGm8z6s
[2025-04-18 01:27:26] [FETCHING] https://www.youtube.com/watch?v=kFPa9iVA7KY
[2025-04-18 01:27:40] [FETCHING] https://www.youtube.com/watch?v=nf7WlZ4gsiA
[2025-04-18 01:27:53] [FETCHING] https://www.youtube.com/watch?v=xERwRPXPQLY
[2025-04-18 01:28:07] [FETCHING] https://www.youtube.com/watch?v=SoZOQRd25zA
[2025-04-18 01:28:20] [FETCHING] https://www.youtube.com/watch?v=fhrId88rPCI
[2025-04-18 01:28:34] [FETCHING] https://www.youtube.com/watch?v=GyBzJWrMqRc
[2025-04-18 01:28:47] [FETCHING] https://www.youtube.com/watch?v=iq7Fd6hUR1I
[2025-04-18 01:29:04] [FETCHING] https://www.youtube.com/watch?v=MZPCwk8G7Ws
[2025-04-18 01:29:43] [FETCHING] https://www.youtube.com/watch?v=rr1za3CP8lc
[2025-04-18 01:29:56] [FETCHING] https://www.youtube.com/watch?v=gxZ_n5zHgX8
[2025-04-18 01:30:10] [FETCHING] https://www.youtube.com/watch?v=GmjfUGm8z6s
[2025-04-18 01:30:23] [FETCHING] https://www.youtube.com/watch?v=kFPa9iVA7KY
[2025-04-18 01:30:36] [FETCHING] https://www.youtube.com/watch?v=nf7WlZ4gsiA
[2025-04-18 01:30:50] [FETCHING] https://www.youtube.com/watch?v=xERwRPXPQLY
[2025-04-18 01:31:05] [FETCHING] https://www.youtube.com/watch?v=SoZOQRd25zA
[2025-04-18 01:31:18] [FETCHING] https://www.youtube.com/watch?v=fhrId88rPCI
[2025-04-18 01:31:32] [FETCHING] https://www.youtube.com/watch?v=GyBzJWrMqRc
[2025-04-18 01:31:45] [FETCHING] https://www.youtube.com/watch?v=iq7Fd6hUR1I
[2025-04-18 01:31:59] [FETCHING] https://www.youtube.com/watch?v=MZPCwk8G7Ws
[2025-04-18 02:19:36] [FETCHING] https://www.youtube.com/watch?v=kFPa9iVA7KY
[2025-04-18 02:19:47] [FETCHING] https://www.youtube.com/watch?v=nf7WlZ4gsiA
[2025-04-18 03:10:29] [FETCHING] https://www.youtube.com/watch?v=nf7WlZ4gsiA
