[2025-04-08 23:06:24] https://www.youtube.com/watch?v=KrOJ4S62Vjs
[2025-04-08 23:10:41] https://www.youtube.com/watch?v=HkDYKlJJ8pM
[2025-04-08 23:11:25] https://www.youtube.com/watch?v=67r_YL94ssM
[2025-04-08 23:12:00] https://www.youtube.com/watch?v=IK-LedZIB38
[2025-04-08 23:12:51] https://www.youtube.com/watch?v=Ql3a2w_6s5M
[2025-04-08 23:13:29] https://www.youtube.com/watch?v=jiGGQD8ohBc
[2025-04-08 23:14:06] https://www.youtube.com/watch?v=oH5LtmMz4gc
[2025-04-08 23:15:12] https://www.youtube.com/watch?v=pZm2U9z_PYw
[2025-04-08 23:16:06] https://www.youtube.com/watch?v=E-XKhEFBwhU
[2025-04-08 23:17:00] https://www.youtube.com/watch?v=apBs1iERbpo
[2025-04-08 23:26:35] https://www.youtube.com/watch?v=--hpQ6HTlQU
[2025-04-08 23:27:25] https://www.youtube.com/watch?v=i7XznY4FITA
[2025-04-08 23:28:30] https://www.youtube.com/watch?v=bEPbeysqZVg
[2025-04-08 23:29:22] https://www.youtube.com/watch?v=4VDMEuy1kVA
[2025-04-08 23:50:14] https://www.youtube.com/watch?v=qwpdrVk9v1c
[2025-04-08 23:51:35] https://www.youtube.com/watch?v=xlIk1QgZIjU
[2025-04-08 23:53:12] https://www.youtube.com/watch?v=iwwiO9fNSoQ
[2025-04-09 00:10:14] https://www.youtube.com/watch?v=WOS3yMd14y0
[2025-04-09 00:11:25] https://www.youtube.com/watch?v=ka5NEHalG0M
[2025-04-09 00:12:09] https://www.youtube.com/watch?v=Dxk55YNjIK4
[2025-04-09 00:12:53] https://www.youtube.com/watch?v=rxUhMZdvlMI
[2025-04-09 00:13:36] https://www.youtube.com/watch?v=biPzg3nU3GA
[2025-04-09 00:14:56] https://www.youtube.com/watch?v=XvkEe6vtwMk
[2025-04-09 00:15:49] https://www.youtube.com/watch?v=Cd0spriJyYs
[2025-04-09 00:17:45] https://www.youtube.com/watch?v=4LB9NMrjMK4
[2025-04-09 00:18:32] https://www.youtube.com/watch?v=KM5Qb7YrCA0
[2025-04-09 00:19:46] https://www.youtube.com/watch?v=KipRBpfOQHs
[2025-04-09 00:20:23] https://www.youtube.com/watch?v=LGI2R39Qu8E
[2025-04-09 00:21:12] https://www.youtube.com/watch?v=knWGK3iNxUQ
[2025-04-09 21:53:21] https://www.youtube.com/watch?v=NspJJ7x9uAc
[2025-04-09 22:00:14] https://www.youtube.com/watch?v=qEU925SkLS0
[2025-04-09 22:00:54] https://www.youtube.com/watch?v=dYCqgdDqXug
[2025-04-09 22:08:42] https://www.youtube.com/watch?v=X5VGBZgLXq4
[2025-04-09 22:09:54] https://www.youtube.com/watch?v=F9gwb1ceR90
[2025-04-09 22:11:00] https://www.youtube.com/watch?v=fzc1ASWbyhE
[2025-04-09 22:12:38] https://www.youtube.com/watch?v=bXroMK5UKa0
[2025-04-09 22:13:26] https://www.youtube.com/watch?v=uGCJ79oODRI
[2025-04-09 22:14:09] https://www.youtube.com/watch?v=UY9tRclYatA
[2025-04-09 22:15:00] https://www.youtube.com/watch?v=rISFXfszKmo
[2025-04-09 22:15:48] https://www.youtube.com/watch?v=MkQyXPR1YC4
[2025-04-09 22:16:48] https://www.youtube.com/watch?v=SKCGdEYN61s
[2025-04-09 22:17:31] https://www.youtube.com/watch?v=CzkAjvnWk_I
[2025-04-09 22:18:18] https://www.youtube.com/watch?v=sT1AX5VGTuM
[2025-04-09 22:19:08] https://www.youtube.com/watch?v=DPYhWAQMk9Q
[2025-04-09 22:23:54] https://www.youtube.com/watch?v=Gt-JYHA5W9I
[2025-04-09 22:25:06] https://www.youtube.com/watch?v=jF9cG90qTcw
[2025-04-09 22:39:57] https://www.youtube.com/watch?v=cX0QRZsmM00
[2025-04-09 22:40:39] https://www.youtube.com/watch?v=VRH44qMN5K0
[2025-04-09 22:42:35] https://www.youtube.com/watch?v=0eQ5ZO_CO48
[2025-04-09 22:43:32] https://www.youtube.com/watch?v=j0nXLDlqKJM
[2025-04-09 22:44:20] https://www.youtube.com/watch?v=AmSWTRG-PKM
[2025-04-09 22:45:48] https://www.youtube.com/watch?v=PnHTIE7nx34
[2025-04-09 22:46:28] https://www.youtube.com/watch?v=ToST6knUB60
[2025-04-09 22:47:15] https://www.youtube.com/watch?v=5PoC7I1ci8s
[2025-04-09 22:48:04] https://www.youtube.com/watch?v=33FMH6nlFVQ
[2025-04-09 23:00:44] https://www.youtube.com/watch?v=0yL07UdE2Ms
[2025-04-09 23:12:19] https://www.youtube.com/watch?v=jR0K4C1M6v0
[2025-04-09 23:13:49] https://www.youtube.com/watch?v=0Ht_4QJVTOo
[2025-04-09 23:18:42] https://www.youtube.com/watch?v=jk11RTEdUi8
[2025-04-09 23:19:35] https://www.youtube.com/watch?v=o06CfpitG9c
[2025-04-09 23:20:12] https://www.youtube.com/watch?v=jXlcOjACn3Y
[2025-04-09 23:20:49] https://www.youtube.com/watch?v=HNvX2ru81dU
[2025-04-09 23:21:25] https://www.youtube.com/watch?v=gbmZp4RvSoo
[2025-04-09 23:22:22] https://www.youtube.com/watch?v=GY448wN89lI
[2025-04-09 23:23:33] https://www.youtube.com/watch?v=rlm8eStGvCE
[2025-04-09 23:26:45] https://www.youtube.com/watch?v=Lx-38xK2clQ
[2025-04-09 23:28:26] https://www.youtube.com/watch?v=G4tv5O2Qbnw
[2025-04-09 23:30:25] https://www.youtube.com/watch?v=UBccdRNImIM
[2025-04-09 23:31:51] https://www.youtube.com/watch?v=NSid-xAkv6c
[2025-04-09 23:33:33] https://www.youtube.com/watch?v=1vbJQwHZTxk
[2025-04-09 23:34:41] https://www.youtube.com/watch?v=nTm0pKLbqoI
[2025-04-09 23:35:45] https://www.youtube.com/watch?v=Y5tAEkRzCBg
[2025-04-09 23:37:05] https://www.youtube.com/watch?v=z3A0NUCwWRM
[2025-04-09 23:37:40] https://www.youtube.com/watch?v=OtSSMTC2YHM
[2025-04-09 23:38:57] https://www.youtube.com/watch?v=Ms3b1MWgUDg
[2025-04-10 01:09:35] https://www.youtube.com/watch?v=8ALOQtyJnBE
[2025-04-10 01:09:51] https://www.youtube.com/watch?v=066j_Max0SU
[2025-04-10 01:10:29] https://www.youtube.com/watch?v=rWyPdCA9b6Y
[2025-04-10 01:11:27] https://www.youtube.com/watch?v=xZNuZDjs5Zw
[2025-04-10 01:12:08] https://www.youtube.com/watch?v=zgSqNrG_WHY
[2025-04-10 01:12:46] https://www.youtube.com/watch?v=M5lvgynfIfc
[2025-04-10 01:13:22] https://www.youtube.com/watch?v=xS2lBD9Iz6A
[2025-04-10 01:20:01] https://www.youtube.com/watch?v=hVKjVznrq-8
[2025-04-10 01:21:03] https://www.youtube.com/watch?v=gJstNggMosE
[2025-04-10 01:21:54] https://www.youtube.com/watch?v=bTTbNxaN9II
[2025-04-10 01:24:36] https://www.youtube.com/watch?v=B2sW_1XxBIw
[2025-04-10 01:25:16] https://www.youtube.com/watch?v=kf43nUlCZUg
[2025-04-10 01:26:40] https://www.youtube.com/watch?v=1y-MfKBmJlM
[2025-04-10 01:27:20] https://www.youtube.com/watch?v=q6AdzRrvRrE
[2025-04-10 01:35:57] https://www.youtube.com/watch?v=KEnHPPHFzhE
[2025-04-10 01:36:32] https://www.youtube.com/watch?v=PRm9xI6B8pw
[2025-04-10 01:38:17] https://www.youtube.com/watch?v=dhvu0Gq5FzU
[2025-04-10 01:39:47] https://www.youtube.com/watch?v=NcOLPYqS1Cg
[2025-04-10 01:40:43] https://www.youtube.com/watch?v=C2QW6MB-GJA
[2025-04-10 01:41:21] https://www.youtube.com/watch?v=TspO0yPEYC8
[2025-04-10 01:47:22] https://www.youtube.com/watch?v=M9E7dZViX2s
[2025-04-10 01:48:16] https://www.youtube.com/watch?v=lpmJ-YhbqgM
[2025-04-10 01:48:19] https://www.youtube.com/watch?v=wLKhA03WjGo
[2025-04-10 01:49:05] https://www.youtube.com/watch?v=VJCFnny0fvc
[2025-04-10 01:49:54] https://www.youtube.com/watch?v=sv3dg5FhEx0
[2025-04-10 01:50:39] https://www.youtube.com/watch?v=vzfB8coDoDY
[2025-04-10 01:51:14] https://www.youtube.com/watch?v=WY3Txfoi28Y
[2025-04-10 01:51:57] https://www.youtube.com/watch?v=ApO4sLjO8Fs
[2025-04-10 01:52:33] https://www.youtube.com/watch?v=dh8iiKSWCuw
[2025-04-10 01:53:21] https://www.youtube.com/watch?v=iUNKA9Cxdg8
[2025-04-10 01:58:11] https://www.youtube.com/watch?v=-O01_3LE-wg
[2025-04-10 01:58:52] https://www.youtube.com/watch?v=IIJOjjpI4ns
[2025-04-10 01:59:38] https://www.youtube.com/watch?v=5R_xIKbIAqM
[2025-04-10 02:00:39] https://www.youtube.com/watch?v=n7waigibIls
[2025-04-10 02:01:41] https://www.youtube.com/watch?v=vTMqEhGlBiI
[2025-04-14 20:51:54] https://www.youtube.com/watch?v=DQ8RIV6O_M0
[2025-04-14 20:53:44] https://www.youtube.com/watch?v=O-aVWZwU7dE
[2025-04-17 23:22:38] https://www.youtube.com/watch?v=lOjbFH9CI3s
[2025-04-17 23:23:14] https://www.youtube.com/watch?v=sfwgLr4LkU4
[2025-04-17 23:23:56] https://www.youtube.com/watch?v=6iV0jDZNNY0
[2025-04-17 23:24:45] https://www.youtube.com/watch?v=bWdj53Cu3Cg
[2025-04-18 00:26:21] https://www.youtube.com/watch?v=ux1tFp2ttUQ
[2025-04-18 00:31:33] https://www.youtube.com/watch?v=C4T_3s4qZNI
[2025-04-18 00:37:01] https://www.youtube.com/watch?v=M94BcQJVAXs
[2025-04-18 02:19:23] https://www.youtube.com/watch?v=GmjfUGm8z6s
[2025-04-18 02:21:07] https://www.youtube.com/watch?v=xERwRPXPQLY
[2025-04-18 02:22:43] https://www.youtube.com/watch?v=SoZOQRd25zA
[2025-04-18 02:23:51] https://www.youtube.com/watch?v=fhrId88rPCI
[2025-04-18 02:25:33] https://www.youtube.com/watch?v=GyBzJWrMqRc
[2025-04-18 02:27:34] https://www.youtube.com/watch?v=iq7Fd6hUR1I
[2025-04-18 02:29:12] https://www.youtube.com/watch?v=MZPCwk8G7Ws
[2025-04-18 03:12:27] https://www.youtube.com/watch?v=kFPa9iVA7KY
[2025-04-18 03:39:48] https://www.youtube.com/watch?v=vt-5LTyvH1g
[2025-04-18 03:41:23] https://www.youtube.com/watch?v=nHmtdpc48Lw
[2025-04-20 13:24:26] https://www.youtube.com/watch?v=SRPu9LhHPZE
